/home/beroy/FlotSynthese/Synthese/.synopsys_vss.setup
/home/beroy/FlotSynthese/Synthese/.synopsys_vss.setup
/soft/SYNO/synopsys13/auxx/gui/dv/dv_setup.tcl
/soft/SYNO/synopsys13/auxx/gui/syn/snpsSynProcs.tcl
/soft/SYNO/synopsys13/auxx/tcllib/lib/tcl8.4/package.tcl
/soft/SYNO/synopsys13/auxx/gui/syn/layout/pkgIndex.tcl
/soft/SYNO/synopsys13/auxx/gui/common/WindowFrameWork/pkgIndex.tcl
/soft/SYNO/synopsys13/auxx/gui/common/acg/pkgIndex.tcl
/soft/SYNO/synopsys13/auxx/gui/common/dialogs/pkgIndex.tcl
/soft/SYNO/synopsys13/auxx/gui/common/docBrowser/pkgIndex.tcl
/soft/SYNO/synopsys13/auxx/gui/common/fanoutviewer/pkgIndex.tcl
/soft/SYNO/synopsys13/auxx/gui/common/hierarchy/pkgIndex.tcl
/soft/SYNO/synopsys13/auxx/gui/common/highlight/pkgIndex.tcl
/soft/SYNO/synopsys13/auxx/gui/common/histogram/pkgIndex.tcl
/soft/SYNO/synopsys13/auxx/gui/common/layout/pkgIndex.tcl
/soft/SYNO/synopsys13/auxx/gui/common/libviewer/pkgIndex.tcl
/soft/SYNO/synopsys13/auxx/gui/common/menus/pkgIndex.tcl
/soft/SYNO/synopsys13/auxx/gui/common/misc/pkgIndex.tcl
/soft/SYNO/synopsys13/auxx/gui/common/opdlg/pkgIndex.tcl
/soft/SYNO/synopsys13/auxx/gui/common/pathinspector/pkgIndex.tcl
/soft/SYNO/synopsys13/auxx/gui/common/profiler/pkgIndex.tcl
/soft/SYNO/synopsys13/auxx/gui/common/qtcl/pkgIndex.tcl
/soft/SYNO/synopsys13/auxx/gui/common/regressionToolkit/pkgIndex.tcl
/soft/SYNO/synopsys13/auxx/gui/common/schematic/pkgIndex.tcl
/soft/SYNO/synopsys13/auxx/gui/common/select/pkgIndex.tcl
/soft/SYNO/synopsys13/auxx/gui/common/setup/pkgIndex.tcl
/soft/SYNO/synopsys13/auxx/gui/common/strokes/pkgIndex.tcl
/soft/SYNO/synopsys13/auxx/gui/common/table/pkgIndex.tcl
/soft/SYNO/synopsys13/auxx/gui/common/tcl-dp/pkgIndex.tcl
/soft/SYNO/synopsys13/auxx/gui/common/timing/pkgIndex.tcl
/soft/SYNO/synopsys13/auxx/gui/common/view/pkgIndex.tcl
/soft/SYNO/synopsys13/auxx/gui/dv/pkgIndex.tcl
/soft/SYNO/synopsys13/auxx/tcllib/snps_tcl/snpsTclPro/pkgIndex.tcl
/soft/SYNO/synopsys13/auxx/tcllib/snps_tcl/snpsTest/pkgIndex.tcl
/soft/SYNO/synopsys13/auxx/tcllib/snps_tcl/snpsUtils/pkgIndex.tcl
/soft/SYNO/synopsys13/auxx/tcllib/snps_tcl/pkgIndex.tcl
/soft/SYNO/synopsys13/auxx/tcllib/lib/tcl8.4/dde/pkgIndex.tcl
/soft/SYNO/synopsys13/auxx/tcllib/lib/tcl8.4/http/pkgIndex.tcl
/soft/SYNO/synopsys13/auxx/tcllib/lib/tcl8.4/http1.0/pkgIndex.tcl
/soft/SYNO/synopsys13/auxx/tcllib/lib/tcl8.4/msgcat/pkgIndex.tcl
/soft/SYNO/synopsys13/auxx/tcllib/lib/tcl8.4/opt/pkgIndex.tcl
/soft/SYNO/synopsys13/auxx/tcllib/lib/tcl8.4/reg/pkgIndex.tcl
/soft/SYNO/synopsys13/auxx/tcllib/lib/tcl8.4/tcltest/pkgIndex.tcl
/soft/SYNO/synopsys13/auxx/gui/common/setup/snpsCommonSetup.tcl
/soft/SYNO/synopsys13/auxx/gui/common/setup/snpsCustomize.tcl
/soft/SYNO/synopsys13/auxx/gui/common/setup/snpsProcheck.tcl
/soft/SYNO/synopsys13/auxx/gui/common/qtcl/.synopsys_qtcl.tcl
/soft/SYNO/synopsys13/auxx/gui/common/highlight/highlight.tcl
/soft/SYNO/synopsys13/auxx/gui/common/misc/base.tcl
/soft/SYNO/synopsys13/auxx/gui/common/misc/timing.tcl
/soft/SYNO/synopsys13/auxx/gui/common/misc/setting.tcl
/soft/SYNO/synopsys13/auxx/gui/common/misc/preset.tcl
/soft/SYNO/synopsys13/auxx/gui/common/WindowFrameWork/windowFrameWork.tcl
/soft/SYNO/synopsys13/auxx/gui/common/WindowFrameWork/skipBusyCursorCmdList.tcl
/soft/SYNO/synopsys13/auxx/gui/common/docBrowser/docBrowser.tcl
/soft/SYNO/synopsys13/auxx/tcllib/snps_tcl/snpsUtils/snpsUtils.tcl
/soft/SYNO/synopsys13/auxx/gui/common/dialogs/ObjectChooser.tcl
/soft/SYNO/synopsys13/auxx/gui/common/misc/DialogObjectChooser.tcl
/soft/SYNO/synopsys13/auxx/gui/common/dialogs/HistBinInformation.tcl
/soft/SYNO/synopsys13/auxx/gui/common/dialogs/HistBin1Information.tcl
/soft/SYNO/synopsys13/auxx/gui/common/dialogs/BinsOnlyInformation.tcl
/soft/SYNO/synopsys13/auxx/gui/common/dialogs/FileChooser.tcl
/soft/SYNO/synopsys13/auxx/gui/common/dialogs/PathPinSimpleInfo.tcl
/soft/SYNO/synopsys13/auxx/gui/common/dialogs/PathsBasicInfo.tcl
/soft/SYNO/synopsys13/auxx/gui/common/dialogs/PathsBasicSimpleInfo.tcl
/soft/SYNO/synopsys13/auxx/gui/common/dialogs/SlctOperationInfo.tcl
/soft/SYNO/synopsys13/auxx/gui/common/dialogs/ObjectListInfo.tcl
/soft/SYNO/synopsys13/auxx/gui/common/dialogs/FanInOutInfo.tcl
/soft/SYNO/synopsys13/auxx/gui/common/dialogs/NumberOfLevelsChooser.tcl
/soft/SYNO/synopsys13/auxx/gui/common/dialogs/WindowReuseInfo.tcl
/soft/SYNO/synopsys13/auxx/gui/common/dialogs/ReportOutputOptionInfo.tcl
/soft/SYNO/synopsys13/auxx/gui/common/setup/snpsCollections.tcl
/soft/SYNO/synopsys13/auxx/gui/common/dialogs/CompileLinkDesign.tcl
/soft/SYNO/synopsys13/auxx/gui/common/histogram/DialogEndpointSlack.tcl
/soft/SYNO/synopsys13/auxx/gui/common/histogram/DialogPathsSlack.tcl
/soft/SYNO/synopsys13/auxx/gui/common/histogram/DialogNetCapacitance.tcl
/soft/SYNO/synopsys13/auxx/gui/common/schematic/DialogPathSchematicFanInOut.tcl
/soft/SYNO/synopsys13/auxx/gui/common/schematic/DialogPathSchematicAddPaths.tcl
/soft/SYNO/synopsys13/auxx/tcllib/lib/tk8.4/tk.tcl
/soft/SYNO/synopsys13/auxx/tcllib/lib/tcl8.4/msgcat/msgcat.tcl
/soft/SYNO/synopsys13/auxx/tcllib/lib/tk8.4/button.tcl
/soft/SYNO/synopsys13/auxx/tcllib/lib/tk8.4/entry.tcl
/soft/SYNO/synopsys13/auxx/tcllib/lib/tk8.4/listbox.tcl
/soft/SYNO/synopsys13/auxx/tcllib/lib/tk8.4/menu.tcl
/soft/SYNO/synopsys13/auxx/tcllib/lib/tk8.4/panedwindow.tcl
/soft/SYNO/synopsys13/auxx/tcllib/lib/tk8.4/scale.tcl
/soft/SYNO/synopsys13/auxx/tcllib/lib/tk8.4/scrlbar.tcl
/soft/SYNO/synopsys13/auxx/tcllib/lib/tk8.4/spinbox.tcl
/soft/SYNO/synopsys13/auxx/tcllib/lib/tk8.4/text.tcl
/soft/SYNO/synopsys13/auxx/tcllib/lib/tix8.1.4/Init.tcl
/soft/SYNO/synopsys13/auxx/tcllib/lib/tix8.1.4/Version.tcl
/soft/SYNO/synopsys13/auxx/tcllib/lib/tix8.1.4/UnixFile.tcl
/soft/SYNO/synopsys13/auxx/tcllib/lib/tix8.1.4/Tix.tcl
/soft/SYNO/synopsys13/auxx/tcllib/lib/tix8.1.4/fs.tcl
/soft/SYNO/synopsys13/auxx/tcllib/lib/tix8.1.4/pref/WmDefault.fsc
/soft/SYNO/synopsys13/auxx/tcllib/lib/tix8.1.4/pref/pkgIndex.tcl
/soft/SYNO/synopsys13/auxx/gui/syn/layout/pkgIndex.tcl
/soft/SYNO/synopsys13/auxx/gui/common/WindowFrameWork/pkgIndex.tcl
/soft/SYNO/synopsys13/auxx/gui/common/acg/pkgIndex.tcl
/soft/SYNO/synopsys13/auxx/gui/common/dialogs/pkgIndex.tcl
/soft/SYNO/synopsys13/auxx/gui/common/docBrowser/pkgIndex.tcl
/soft/SYNO/synopsys13/auxx/gui/common/fanoutviewer/pkgIndex.tcl
/soft/SYNO/synopsys13/auxx/gui/common/hierarchy/pkgIndex.tcl
/soft/SYNO/synopsys13/auxx/gui/common/highlight/pkgIndex.tcl
/soft/SYNO/synopsys13/auxx/gui/common/histogram/pkgIndex.tcl
/soft/SYNO/synopsys13/auxx/gui/common/layout/pkgIndex.tcl
/soft/SYNO/synopsys13/auxx/gui/common/libviewer/pkgIndex.tcl
/soft/SYNO/synopsys13/auxx/gui/common/menus/pkgIndex.tcl
/soft/SYNO/synopsys13/auxx/gui/common/misc/pkgIndex.tcl
/soft/SYNO/synopsys13/auxx/gui/common/opdlg/pkgIndex.tcl
/soft/SYNO/synopsys13/auxx/gui/common/pathinspector/pkgIndex.tcl
/soft/SYNO/synopsys13/auxx/gui/common/profiler/pkgIndex.tcl
/soft/SYNO/synopsys13/auxx/gui/common/qtcl/pkgIndex.tcl
/soft/SYNO/synopsys13/auxx/gui/common/regressionToolkit/pkgIndex.tcl
/soft/SYNO/synopsys13/auxx/gui/common/schematic/pkgIndex.tcl
/soft/SYNO/synopsys13/auxx/gui/common/select/pkgIndex.tcl
/soft/SYNO/synopsys13/auxx/gui/common/setup/pkgIndex.tcl
/soft/SYNO/synopsys13/auxx/gui/common/strokes/pkgIndex.tcl
/soft/SYNO/synopsys13/auxx/gui/common/table/pkgIndex.tcl
/soft/SYNO/synopsys13/auxx/gui/common/tcl-dp/pkgIndex.tcl
/soft/SYNO/synopsys13/auxx/gui/common/timing/pkgIndex.tcl
/soft/SYNO/synopsys13/auxx/gui/common/view/pkgIndex.tcl
/soft/SYNO/synopsys13/auxx/gui/dv/pkgIndex.tcl
/soft/SYNO/synopsys13/auxx/tcllib/snps_tcl/snpsTclPro/pkgIndex.tcl
/soft/SYNO/synopsys13/auxx/tcllib/snps_tcl/snpsTest/pkgIndex.tcl
/soft/SYNO/synopsys13/auxx/tcllib/snps_tcl/snpsUtils/pkgIndex.tcl
/soft/SYNO/synopsys13/auxx/tcllib/snps_tcl/pkgIndex.tcl
/soft/SYNO/synopsys13/auxx/tcllib/lib/tcl8.4/dde/pkgIndex.tcl
/soft/SYNO/synopsys13/auxx/tcllib/lib/tcl8.4/http/pkgIndex.tcl
/soft/SYNO/synopsys13/auxx/tcllib/lib/tcl8.4/http1.0/pkgIndex.tcl
/soft/SYNO/synopsys13/auxx/tcllib/lib/tcl8.4/msgcat/pkgIndex.tcl
/soft/SYNO/synopsys13/auxx/tcllib/lib/tcl8.4/opt/pkgIndex.tcl
/soft/SYNO/synopsys13/auxx/tcllib/lib/tcl8.4/reg/pkgIndex.tcl
/soft/SYNO/synopsys13/auxx/tcllib/lib/tcl8.4/tcltest/pkgIndex.tcl
/soft/SYNO/synopsys13/auxx/tcllib/lib/tix8.1.4/pref/WmDefault.tcl
/soft/SYNO/synopsys13/auxx/tcllib/lib/tix8.1.4/pref/WmDefault.csc
/soft/SYNO/synopsys13/auxx/tcllib/lib/tix8.1.4/HList.tcl
/soft/SYNO/synopsys13/auxx/tcllib/lib/tk8.4/unsupported.tcl
/soft/SYNO/synopsys13/auxx/tcllib/lib/tix8.1.4/Event.tcl
/soft/SYNO/synopsys13/auxx/tcllib/lib/tix8.1.4/TList.tcl
/soft/SYNO/synopsys13/auxx/tcllib/lib/tix8.1.4/Grid.tcl
/soft/SYNO/synopsys13/auxx/tcllib/lib/tix8.1.4/ComboBox.tcl
/soft/SYNO/synopsys13/auxx/tcllib/lib/tix8.1.4/LabWidg.tcl
/soft/SYNO/synopsys13/auxx/tcllib/lib/tix8.1.4/Primitiv.tcl
/soft/SYNO/synopsys13/auxx/tcllib/lib/tix8.1.4/Control.tcl
/soft/SYNO/synopsys13/auxx/tcllib/lib/tix8.1.4/FloatEnt.tcl
/soft/SYNO/synopsys13/auxx/tcllib/lib/tix8.1.4/LabEntry.tcl
/soft/SYNO/synopsys13/auxx/tcllib/lib/tix8.1.4/SGrid.tcl
/soft/SYNO/synopsys13/auxx/tcllib/lib/tix8.1.4/SWidget.tcl
/soft/SYNO/synopsys13/auxx/tcllib/lib/tix8.1.4/SListBox.tcl
/soft/SYNO/synopsys13/auxx/gui/common/histogram/base.tcl
/soft/SYNO/synopsys13/auxx/gui/common/profiler/base.tcl
/soft/SYNO/synopsys13/auxx/gui/common/schematic/base.tcl
/soft/SYNO/synopsys13/auxx/gui/common/select/baseInternal.tcl
/soft/SYNO/synopsys13/auxx/gui/common/schematic/enable.tcl
/soft/SYNO/synopsys13/auxx/gui/common/schematic/netlist.tcl
/soft/SYNO/synopsys13/auxx/gui/common/schematic/method.tcl
/soft/SYNO/synopsys13/auxx/gui/common/misc/createViewType.tcl
/soft/SYNO/synopsys13/auxx/gui/common/menus/base.tcl
/soft/SYNO/synopsys13/auxx/gui/common/libviewer/base.tcl
/soft/SYNO/synopsys13/auxx/gui/common/misc/viewmgr.tcl
/soft/SYNO/synopsys13/auxx/gui/common/pathinspector/base.tcl
/soft/SYNO/synopsys13/auxx/gui/common/pathinspector/create_window_and_menu.tcl
/soft/SYNO/synopsys13/auxx/gui/dv/dv_path_cat_view.tcl
/soft/SYNO/synopsys13/auxx/gui/common/table/table.tcl
/soft/SYNO/synopsys13/auxx/gui/common/table/table_internal.tcl
/soft/SYNO/synopsys13/auxx/gui/common/misc/infotip.tcl
/soft/SYNO/synopsys13/auxx/gui/common/misc/viewporthistory.tcl
/soft/DK/ams411/synopsys/c18_1.2V/c18_IOLIB_TYP.db
/soft/DK/ams411/synopsys/c18_1.2V/c18_PHYSICAL.db
/soft/DK/ams411/synopsys/c18_1.2V/c18_CORELIB_TYP.db
/soft/SYNO/synopsys13/libraries/syn/gtech.db
/soft/SYNO/synopsys13/libraries/syn/standard.sldb
/home/beroy/FlotSynthese/Synthese/.synopsys_vss.setup
/home/beroy/FlotSynthese/Synthese/montre.vhd
/soft/SYNO/synopsys13/libraries/syn/generic.sdb
/home/beroy/FlotSynthese/Synthese/setup.dc
/home/beroy/synopsys_cache_H-2013.03-SP5/DW02/DW_div_tc/rpl/8/5/c18_IOLIB_TYP_5522/element.ddc
/home/beroy/synopsys_cache_H-2013.03-SP5/DW01/DW01_sub/rpl/7/c18_IOLIB_TYP_5522/element.ddc
/home/beroy/synopsys_cache_H-2013.03-SP5/DW01/DW01_cmp2/rpl/5/c18_IOLIB_TYP_5522/element.ddc
/home/beroy/synopsys_cache_H-2013.03-SP5/DW02/DW_mod_tc/rpl/6/32/c18_IOLIB_TYP_5522/element.ddc
/home/beroy/synopsys_cache_H-2013.03-SP5/DW01/DW01_sub/rpl/5/c18_IOLIB_TYP_5522/element.ddc
/home/beroy/synopsys_cache_H-2013.03-SP5/DW01/DW01_inc/rpl/5/c18_IOLIB_TYP_5522/element.ddc
/home/beroy/synopsys_cache_H-2013.03-SP5/DW02/DW_div_tc/rpl/8/5/c18_IOLIB_TYP_5522/element.ddc
/home/beroy/synopsys_cache_H-2013.03-SP5/DW01/DW01_NAND2/str/c18_IOLIB_TYP_5522/element.ddc
/soft/DK/ams411/synopsys/c18_1.2V/c18_IOLIB_TYP.db
/soft/DK/ams411/synopsys/c18_1.2V/c18_CORELIB_TYP.db
/home/beroy/FlotSynthese/Synthese/.synopsys_vss.setup
/home/beroy/FlotSynthese/Synthese/montre.vhd
/home/beroy/FlotSynthese/Synthese/.synopsys_vss.setup
/home/beroy/FlotSynthese/Synthese/counter.vhd
/home/beroy/synopsys_cache_H-2013.03-SP5/DW01/DW01_MUX/str/c18_IOLIB_TYP_5522_8167_6494/element.ddc
/home/beroy/synopsys_cache_H-2013.03-SP5/DW01/DW01_mmux/str/2/c18_IOLIB_TYP_5522_8167_6494/element.ddc
/home/beroy/synopsys_cache_H-2013.03-SP5/DW01/DW01_mmux/str/3/c18_IOLIB_TYP_5522_8167_6494/element.ddc
/home/beroy/synopsys_cache_H-2013.03-SP5/DW01/DW01_mmux/str/4/c18_IOLIB_TYP_5522_8167_6494/element.ddc
/home/beroy/synopsys_cache_H-2013.03-SP5/DW01/DW01_mmux/str/5/c18_IOLIB_TYP_5522_8167_6494/element.ddc
/home/beroy/synopsys_cache_H-2013.03-SP5/DW01/DW01_inc/rpl/5/c18_IOLIB_TYP_5522_8167_6494/element.ddc
/home/beroy/synopsys_cache_H-2013.03-SP5/DW01/DW01_cmp2/rpl/5/c18_IOLIB_TYP_5522_8167_6494/element.ddc
/home/beroy/synopsys_cache_H-2013.03-SP5/DW01/DW01_sub/rpl/5/c18_IOLIB_TYP_5522_8167_6494/element.ddc
/home/beroy/synopsys_cache_H-2013.03-SP5/DW01/DW01_sub/cla/5/c18_IOLIB_TYP_5522_8167_6494/element.ddc
/home/beroy/synopsys_cache_H-2013.03-SP5/DW02/DW_mod_tc/rpl/6/32/c18_IOLIB_TYP_5522_8167_6494/element.ddc
/home/beroy/synopsys_cache_H-2013.03-SP5/DW01/DW01_sub/rpl/7/c18_IOLIB_TYP_5522_8167_6494/element.ddc
/home/beroy/synopsys_cache_H-2013.03-SP5/DW01/DW01_sub/cla/7/c18_IOLIB_TYP_5522_8167_6494/element.ddc
/home/beroy/synopsys_cache_H-2013.03-SP5/DW02/DW_div_tc/rpl/8/5/c18_IOLIB_TYP_5522_8167_6494/element.ddc
/home/beroy/synopsys_cache_H-2013.03-SP5/DW01/DW01_NOT/str/c18_IOLIB_TYP_5522_8167_6494/element.ddc
/home/beroy/synopsys_cache_H-2013.03-SP5/DW01/DW01_cmp6/rpl/5/c18_IOLIB_TYP_5522_8167_6494/element.ddc
/home/beroy/synopsys_cache_H-2013.03-SP5/DW01/DW01_add/rpl/5/c18_IOLIB_TYP_5522_8167_6494/element.ddc
/home/beroy/synopsys_cache_H-2013.03-SP5/DW01/DW01_add/cla/5/c18_IOLIB_TYP_5522_8167_6494/element.ddc
/home/beroy/synopsys_cache_H-2013.03-SP5/DW01/DW01_incdec/rpl/5/c18_IOLIB_TYP_5522_8167_6494/element.ddc
/home/beroy/synopsys_cache_H-2013.03-SP5/DW02/DW_div_tc/rpl/8/5/c18_IOLIB_TYP_5522/element.ddc
/home/beroy/synopsys_cache_H-2013.03-SP5/DW01/DW01_sub/rpl/7/c18_IOLIB_TYP_5522/element.ddc
/home/beroy/synopsys_cache_H-2013.03-SP5/DW01/DW01_cmp2/rpl/5/c18_IOLIB_TYP_5522/element.ddc
/home/beroy/synopsys_cache_H-2013.03-SP5/DW02/DW_mod_tc/rpl/6/32/c18_IOLIB_TYP_5522/element.ddc
/home/beroy/synopsys_cache_H-2013.03-SP5/DW01/DW01_sub/rpl/5/c18_IOLIB_TYP_5522/element.ddc
/home/beroy/synopsys_cache_H-2013.03-SP5/DW01/DW01_inc/rpl/5/c18_IOLIB_TYP_5522/element.ddc
/soft/DK/ams411/synopsys/c18_1.2V/c18_IOLIB_TYP.db
/soft/DK/ams411/synopsys/c18_1.2V/c18_CORELIB_TYP.db
/home/beroy/FlotSynthese/Synthese/.synopsys_vss.setup
/home/beroy/FlotSynthese/Synthese/decoder.vhd
/soft/DK/ams411/synopsys/c18_1.2V/c18_IOLIB_TYP.db
/soft/DK/ams411/synopsys/c18_1.2V/c18_CORELIB_TYP.db
/home/beroy/FlotSynthese/Synthese/.synopsys_vss.setup
/home/beroy/FlotSynthese/Synthese/montre.vhd
/soft/DK/ams411/synopsys/c18_1.2V/c18_IOLIB_TYP.db
/soft/DK/ams411/synopsys/c18_1.2V/c18_CORELIB_TYP.db
/home/beroy/FlotSynthese/Synthese/.synopsys_vss.setup
/home/beroy/FlotSynthese/Synthese/.synopsys_vss.setup
/home/beroy/FlotSynthese/Synthese/setup.dc
/home/beroy/synopsys_cache_H-2013.03-SP5/DW01/DW01_MUX/str/c18_IOLIB_TYP_5522_8167_6494/element.ddc
/home/beroy/synopsys_cache_H-2013.03-SP5/DW01/DW01_mmux/str/2/c18_IOLIB_TYP_5522_8167_6494/element.ddc
/home/beroy/synopsys_cache_H-2013.03-SP5/DW01/DW01_mmux/str/3/c18_IOLIB_TYP_5522_8167_6494/element.ddc
/home/beroy/synopsys_cache_H-2013.03-SP5/DW01/DW01_mmux/str/4/c18_IOLIB_TYP_5522_8167_6494/element.ddc
/home/beroy/synopsys_cache_H-2013.03-SP5/DW01/DW01_mmux/str/5/c18_IOLIB_TYP_5522_8167_6494/element.ddc
/home/beroy/synopsys_cache_H-2013.03-SP5/DW01/DW01_inc/rpl/5/c18_IOLIB_TYP_5522_8167_6494/element.ddc
/home/beroy/synopsys_cache_H-2013.03-SP5/DW01/DW01_cmp2/rpl/5/c18_IOLIB_TYP_5522_8167_6494/element.ddc
/home/beroy/synopsys_cache_H-2013.03-SP5/DW01/DW01_sub/rpl/5/c18_IOLIB_TYP_5522_8167_6494/element.ddc
/home/beroy/synopsys_cache_H-2013.03-SP5/DW01/DW01_sub/cla/5/c18_IOLIB_TYP_5522_8167_6494/element.ddc
/home/beroy/synopsys_cache_H-2013.03-SP5/DW02/DW_mod_tc/rpl/6/32/c18_IOLIB_TYP_5522_8167_6494/element.ddc
/home/beroy/synopsys_cache_H-2013.03-SP5/DW01/DW01_sub/rpl/7/c18_IOLIB_TYP_5522_8167_6494/element.ddc
/home/beroy/synopsys_cache_H-2013.03-SP5/DW01/DW01_sub/cla/7/c18_IOLIB_TYP_5522_8167_6494/element.ddc
/home/beroy/synopsys_cache_H-2013.03-SP5/DW02/DW_div_tc/rpl/8/5/c18_IOLIB_TYP_5522_8167_6494/element.ddc
/home/beroy/synopsys_cache_H-2013.03-SP5/DW01/DW01_NOT/str/c18_IOLIB_TYP_5522_8167_6494/element.ddc
/home/beroy/synopsys_cache_H-2013.03-SP5/DW01/DW01_cmp6/rpl/5/c18_IOLIB_TYP_5522_8167_6494/element.ddc
/home/beroy/synopsys_cache_H-2013.03-SP5/DW01/DW01_add/rpl/5/c18_IOLIB_TYP_5522_8167_6494/element.ddc
/home/beroy/synopsys_cache_H-2013.03-SP5/DW01/DW01_add/cla/5/c18_IOLIB_TYP_5522_8167_6494/element.ddc
/home/beroy/synopsys_cache_H-2013.03-SP5/DW01/DW01_incdec/rpl/5/c18_IOLIB_TYP_5522_8167_6494/element.ddc
/home/beroy/synopsys_cache_H-2013.03-SP5/DW02/DW_div_tc/rpl/8/5/c18_IOLIB_TYP_5522/element.ddc
/home/beroy/synopsys_cache_H-2013.03-SP5/DW01/DW01_sub/rpl/7/c18_IOLIB_TYP_5522/element.ddc
/home/beroy/synopsys_cache_H-2013.03-SP5/DW01/DW01_cmp2/rpl/5/c18_IOLIB_TYP_5522/element.ddc
/home/beroy/synopsys_cache_H-2013.03-SP5/DW02/DW_mod_tc/rpl/6/32/c18_IOLIB_TYP_5522/element.ddc
/home/beroy/synopsys_cache_H-2013.03-SP5/DW01/DW01_sub/rpl/5/c18_IOLIB_TYP_5522/element.ddc
/home/beroy/synopsys_cache_H-2013.03-SP5/DW01/DW01_inc/rpl/5/c18_IOLIB_TYP_5522/element.ddc
/soft/DK/ams411/synopsys/c18_1.2V/c18_IOLIB_TYP.db
/soft/DK/ams411/synopsys/c18_1.2V/c18_CORELIB_TYP.db
/soft/DK/ams411/synopsys/c18_1.2V/c18_IOLIB_TYP.db
/soft/DK/ams411/synopsys/c18_1.2V/c18_CORELIB_TYP.db
/soft/DK/ams411/synopsys/c18_1.2V/c18_IOLIB_TYP.db
/soft/DK/ams411/synopsys/c18_1.2V/c18_CORELIB_TYP.db
/home/beroy/FlotSynthese/Synthese/.synopsys_vss.setup
/home/beroy/FlotSynthese/Synthese/.synopsys_vss.setup
/home/beroy/FlotSynthese/Synthese/.synopsys_vss.setup
/home/beroy/FlotSynthese/Synthese/setup.dc
/home/beroy/synopsys_cache_H-2013.03-SP5/DW02/DW_div_tc/rpl/8/5/c18_IOLIB_TYP_5522/element.ddc
/home/beroy/synopsys_cache_H-2013.03-SP5/DW01/DW01_sub/rpl/7/c18_IOLIB_TYP_5522/element.ddc
/home/beroy/synopsys_cache_H-2013.03-SP5/DW01/DW01_cmp2/rpl/5/c18_IOLIB_TYP_5522/element.ddc
/home/beroy/synopsys_cache_H-2013.03-SP5/DW02/DW_mod_tc/rpl/6/32/c18_IOLIB_TYP_5522/element.ddc
/home/beroy/synopsys_cache_H-2013.03-SP5/DW01/DW01_sub/rpl/5/c18_IOLIB_TYP_5522/element.ddc
/home/beroy/synopsys_cache_H-2013.03-SP5/DW01/DW01_inc/rpl/5/c18_IOLIB_TYP_5522/element.ddc
/home/beroy/synopsys_cache_H-2013.03-SP5/DW02/DW_div_tc/rpl/8/5/c18_IOLIB_TYP_5522_8341_6494/element.ddc
/home/beroy/synopsys_cache_H-2013.03-SP5/DW02/DW_div_tc/rpl/8/5/c18_IOLIB_TYP_5522/element.ddc
/soft/DK/ams411/synopsys/c18_1.2V/c18_IOLIB_TYP.db
/soft/DK/ams411/synopsys/c18_1.2V/c18_CORELIB_TYP.db
/home/beroy/FlotSynthese/Synthese/.synopsys_vss.setup
/home/beroy/FlotSynthese/Synthese/.synopsys_vss.setup
/home/beroy/FlotSynthese/Synthese/setup.dc
/home/beroy/FlotSynthese/Synthese/.synopsys_vss.setup
/home/beroy/FlotSynthese/Synthese/.synopsys_vss.setup
/home/beroy/FlotSynthese/Synthese/setup.dc
/home/beroy/synopsys_cache_H-2013.03-SP5/DW02/DW_div_tc/rpl/8/5/c18_IOLIB_TYP_5522/element.ddc
/home/beroy/synopsys_cache_H-2013.03-SP5/DW01/DW01_sub/rpl/7/c18_IOLIB_TYP_5522/element.ddc
/home/beroy/synopsys_cache_H-2013.03-SP5/DW01/DW01_cmp2/rpl/5/c18_IOLIB_TYP_5522/element.ddc
/home/beroy/synopsys_cache_H-2013.03-SP5/DW02/DW_mod_tc/rpl/6/32/c18_IOLIB_TYP_5522/element.ddc
/home/beroy/synopsys_cache_H-2013.03-SP5/DW01/DW01_sub/rpl/5/c18_IOLIB_TYP_5522/element.ddc
/home/beroy/synopsys_cache_H-2013.03-SP5/DW01/DW01_inc/rpl/5/c18_IOLIB_TYP_5522/element.ddc
/home/beroy/synopsys_cache_H-2013.03-SP5/DW02/DW_div_tc/rpl/8/5/c18_IOLIB_TYP_5522_8341_6494/element.ddc
/home/beroy/synopsys_cache_H-2013.03-SP5/DW02/DW_div_tc/rpl/8/5/c18_IOLIB_TYP_5522/element.ddc
/soft/DK/ams411/synopsys/c18_1.2V/c18_IOLIB_TYP.db
/soft/DK/ams411/synopsys/c18_1.2V/c18_CORELIB_TYP.db
/home/beroy/FlotSynthese/Synthese/.synopsys_vss.setup
/home/beroy/FlotSynthese/Synthese/.synopsys_vss.setup
/home/beroy/FlotSynthese/Synthese/setup.dc
/home/beroy/synopsys_cache_H-2013.03-SP5/DW02/DW_div_tc/rpl/8/5/c18_IOLIB_TYP_5522/element.ddc
/home/beroy/synopsys_cache_H-2013.03-SP5/DW01/DW01_sub/rpl/7/c18_IOLIB_TYP_5522/element.ddc
/home/beroy/synopsys_cache_H-2013.03-SP5/DW01/DW01_cmp2/rpl/5/c18_IOLIB_TYP_5522/element.ddc
/home/beroy/synopsys_cache_H-2013.03-SP5/DW02/DW_mod_tc/rpl/6/32/c18_IOLIB_TYP_5522/element.ddc
/home/beroy/synopsys_cache_H-2013.03-SP5/DW01/DW01_sub/rpl/5/c18_IOLIB_TYP_5522/element.ddc
/home/beroy/synopsys_cache_H-2013.03-SP5/DW01/DW01_inc/rpl/5/c18_IOLIB_TYP_5522/element.ddc
/home/beroy/synopsys_cache_H-2013.03-SP5/DW02/DW_div_tc/rpl/8/5/c18_IOLIB_TYP_5522_8341_6494/element.ddc
/home/beroy/synopsys_cache_H-2013.03-SP5/DW02/DW_div_tc/rpl/8/5/c18_IOLIB_TYP_5522/element.ddc
/soft/DK/ams411/synopsys/c18_1.2V/c18_IOLIB_TYP.db
/soft/DK/ams411/synopsys/c18_1.2V/c18_CORELIB_TYP.db
/soft/DK/ams411/synopsys/c18_1.2V/c18_IOLIB_TYP.db
/soft/DK/ams411/synopsys/c18_1.2V/c18_CORELIB_TYP.db
/home/beroy/FlotSynthese/Synthese/.synopsys_vss.setup
/home/beroy/FlotSynthese/Synthese/.synopsys_vss.setup
/home/beroy/FlotSynthese/Synthese/setup.dc
/home/beroy/FlotSynthese/Synthese/setup.dc
/home/beroy/synopsys_cache_H-2013.03-SP5/DW02/DW_div_tc/rpl/8/5/c18_IOLIB_TYP_5522/element.ddc
/home/beroy/synopsys_cache_H-2013.03-SP5/DW01/DW01_sub/rpl/7/c18_IOLIB_TYP_5522/element.ddc
/home/beroy/synopsys_cache_H-2013.03-SP5/DW01/DW01_cmp2/rpl/5/c18_IOLIB_TYP_5522/element.ddc
/home/beroy/synopsys_cache_H-2013.03-SP5/DW02/DW_mod_tc/rpl/6/32/c18_IOLIB_TYP_5522/element.ddc
/home/beroy/synopsys_cache_H-2013.03-SP5/DW01/DW01_sub/rpl/5/c18_IOLIB_TYP_5522/element.ddc
/home/beroy/synopsys_cache_H-2013.03-SP5/DW01/DW01_inc/rpl/5/c18_IOLIB_TYP_5522/element.ddc
/home/beroy/synopsys_cache_H-2013.03-SP5/DW02/DW_div_tc/rpl/8/5/c18_IOLIB_TYP_5522_8341_6494/element.ddc
/home/beroy/synopsys_cache_H-2013.03-SP5/DW02/DW_div_tc/rpl/8/5/c18_IOLIB_TYP_5522/element.ddc
/soft/DK/ams411/synopsys/c18_1.2V/c18_IOLIB_TYP.db
/soft/DK/ams411/synopsys/c18_1.2V/c18_CORELIB_TYP.db
/home/beroy/FlotSynthese/Synthese/resultats_synthese/desc.ddc
